<?xml version="1.0" encoding="UTF-8"?>
<!-- Generated by org.testng.reporters.JUnitReportReporter -->
<testsuite hostname="Mark-PC" name="robots.test.testRobotController" tests="1" failures="0" timestamp="24 Nov 2015 13:08:50 GMT" time="0.014" errors="0">
  <testcase name="testSimpleOutput" time="0.014" classname="robots.test.testRobotController"/>
</testsuite> <!-- robots.test.testRobotController -->
