<?xml version="1.0" encoding="UTF-8"?>
<!-- Generated by org.testng.reporters.JUnitReportReporter -->
<testsuite hostname="Mark-PC" name="robots.test.testRobotController" tests="2" failures="0" timestamp="24 Nov 2015 13:53:58 GMT" time="0.017" errors="0">
  <testcase name="testSimpleInput" time="0.015" classname="robots.test.testRobotController"/>
  <testcase name="testSimpleOutput" time="0.002" classname="robots.test.testRobotController"/>
</testsuite> <!-- robots.test.testRobotController -->
