<?xml version="1.0" encoding="UTF-8"?>
<!-- Generated by org.testng.reporters.JUnitReportReporter -->
<testsuite hostname="Mark-PC" name="robots.test.testRobotController" tests="1" failures="0" timestamp="24 Nov 2015 12:11:08 GMT" time="0.015" errors="0">
  <testcase name="testSimpleInputOutput" time="0.015" classname="robots.test.testRobotController"/>
</testsuite> <!-- robots.test.testRobotController -->
